{
  "stats": {
    "suites": 1,
    "tests": 4,
    "passes": 2,
    "pending": 0,
    "failures": 2,
    "start": "2023-12-20T17:03:12.595Z",
    "end": "2023-12-20T17:03:14.512Z",
    "duration": 1917,
    "testsRegistered": 4,
    "passPercent": 50,
    "pendingPercent": 0,
    "other": 0,
    "hasOther": false,
    "skipped": 0,
    "hasSkipped": false
  },
  "results": [
    {
      "uuid": "0589f9f7-4b28-4074-be97-127da5c2173c",
      "title": "",
      "fullFile": "/home/narges/Documents/mocha-reporter-test/demo.js",
      "file": "/demo.js",
      "beforeHooks": [],
      "afterHooks": [],
      "tests": [],
      "suites": [
        {
          "uuid": "00b4fec6-baa7-437e-bb5b-2faf6c2e1a16",
          "title": "test javascript with mochawesome reporter:",
          "fullFile": "/home/narges/Documents/mocha-reporter-test/demo.js",
          "file": "/demo.js",
          "beforeHooks": [],
          "afterHooks": [],
          "tests": [
            {
              "title": "A: should pass test",
              "fullTitle": "test javascript with mochawesome reporter: A: should pass test",
              "timedOut": false,
              "duration": 908,
              "state": "passed",
              "speed": "slow",
              "pass": true,
              "fail": false,
              "pending": false,
              "context": null,
              "code": "await spec()\n    .get('https://randomuser.me/api').expectStatus(200);",
              "err": {},
              "uuid": "840192ef-b59c-480a-a8b9-e2a3c6b7e2b7",
              "parentUUID": "00b4fec6-baa7-437e-bb5b-2faf6c2e1a16",
              "isHook": false,
              "skipped": false
            },
            {
              "title": "B : should get error for expect Status",
              "fullTitle": "test javascript with mochawesome reporter: B : should get error for expect Status",
              "timedOut": false,
              "duration": 246,
              "state": "failed",
              "speed": null,
              "pass": false,
              "fail": true,
              "pending": false,
              "context": null,
              "code": "await spec()\n    .get('https://randomuser.me/api').expectStatus(500);",
              "err": {
                "message": "AssertionError: HTTP status 200 !== 500",
                "estack": "AssertionError [ERR_ASSERTION]: HTTP status 200 !== 500\n    at Expect._validateStatus (node_modules/pactum/src/models/expect.js:105:14)\n    at Expect.validate (node_modules/pactum/src/models/expect.js:47:10)\n    at Tosser.validateResponse (node_modules/pactum/src/models/Tosser.js:240:23)\n    at Tosser.validate (node_modules/pactum/src/models/Tosser.js:207:18)\n    at Tosser.toss (node_modules/pactum/src/models/Tosser.js:44:18)\n    at process.processTicksAndRejections (node:internal/process/task_queues:95:5)",
                "diff": "- 200\n+ 500\n"
              },
              "uuid": "67017128-e15d-4db5-a65c-e4c995ff369e",
              "parentUUID": "00b4fec6-baa7-437e-bb5b-2faf6c2e1a16",
              "isHook": false,
              "skipped": false
            },
            {
              "title": "C : should get error for expect Status",
              "fullTitle": "test javascript with mochawesome reporter: C : should get error for expect Status",
              "timedOut": false,
              "duration": 265,
              "state": "failed",
              "speed": null,
              "pass": false,
              "fail": true,
              "pending": false,
              "context": null,
              "code": "await spec()\n    .get('https://randomuser.me/apirrrrrrrrr').expectStatus(200);",
              "err": {
                "message": "AssertionError: HTTP status 404 !== 200",
                "estack": "AssertionError [ERR_ASSERTION]: HTTP status 404 !== 200\n    at Expect._validateStatus (node_modules/pactum/src/models/expect.js:105:14)\n    at Expect.validate (node_modules/pactum/src/models/expect.js:47:10)\n    at Tosser.validateResponse (node_modules/pactum/src/models/Tosser.js:240:23)\n    at Tosser.validate (node_modules/pactum/src/models/Tosser.js:207:18)\n    at Tosser.toss (node_modules/pactum/src/models/Tosser.js:44:18)\n    at process.processTicksAndRejections (node:internal/process/task_queues:95:5)",
                "diff": "- 404\n+ 200\n"
              },
              "uuid": "c3c38cb7-853f-4b8e-9191-319412b22651",
              "parentUUID": "00b4fec6-baa7-437e-bb5b-2faf6c2e1a16",
              "isHook": false,
              "skipped": false
            },
            {
              "title": "D : should get random male users",
              "fullTitle": "test javascript with mochawesome reporter: D : should get random male users",
              "timedOut": false,
              "duration": 493,
              "state": "passed",
              "speed": "slow",
              "pass": true,
              "fail": false,
              "pending": false,
              "context": null,
              "code": "await spec()\n    .get('https://randomuser.me/api')\n    .withQueryParams(\"gender\", \"male\")\n    .expectStatus(200)\n    .expectJsonLike({\n        \"results\": [{\n            \"gender\": \"male\"\n        }]\n    });",
              "err": {},
              "uuid": "2b7d8534-2704-446f-b4da-216b1949b5a2",
              "parentUUID": "00b4fec6-baa7-437e-bb5b-2faf6c2e1a16",
              "isHook": false,
              "skipped": false
            }
          ],
          "suites": [],
          "passes": [
            "840192ef-b59c-480a-a8b9-e2a3c6b7e2b7",
            "2b7d8534-2704-446f-b4da-216b1949b5a2"
          ],
          "failures": [
            "67017128-e15d-4db5-a65c-e4c995ff369e",
            "c3c38cb7-853f-4b8e-9191-319412b22651"
          ],
          "pending": [],
          "skipped": [],
          "duration": 1912,
          "root": false,
          "rootEmpty": false,
          "_timeout": 2000
        }
      ],
      "passes": [],
      "failures": [],
      "pending": [],
      "skipped": [],
      "duration": 0,
      "root": true,
      "rootEmpty": true,
      "_timeout": 2000
    }
  ],
  "meta": {
    "mocha": {
      "version": "10.2.0"
    },
    "mochawesome": {
      "options": {
        "quiet": false,
        "reportFilename": "mochawesome",
        "saveHtml": true,
        "saveJson": true,
        "consoleReporter": "spec",
        "useInlineDiffs": false,
        "code": true
      },
      "version": "7.1.3"
    },
    "marge": {
      "options": null,
      "version": "6.2.0"
    }
  }
}